[23:32:08] [main/INFO] (FabricLoader/GameProvider) Loading Minecraft 1.20.2 with Fabric Loader 0.14.24
[23:32:09] [main/INFO] (FabricLoader) Loading 56 mods:
	- fabric-api 0.90.4+1.20.2
	- fabric-api-base 0.4.33+fce67b32a0
	- fabric-api-lookup-api-v1 1.6.42+b1792f7da0
	- fabric-biome-api-v1 13.0.14+b1792f7da0
	- fabric-block-api-v1 1.0.12+73761d2ea0
	- fabric-block-view-api-v2 1.0.1+73761d2ea0
	- fabric-blockrenderlayer-v1 1.1.43+f4b7e424a0
	- fabric-client-tags-api-v1 1.1.4+86b12645a0
	- fabric-command-api-v1 1.2.37+f71b366fa0
	- fabric-command-api-v2 2.2.16+b1792f7da0
	- fabric-commands-v0 0.2.54+df3654b3a0
	- fabric-containers-v0 0.1.74+df3654b3a0
	- fabric-content-registries-v0 5.0.5+b1792f7da0
	- fabric-convention-tags-v1 1.5.8+b1792f7da0
	- fabric-crash-report-info-v1 0.2.20+f4b7e424a0
	- fabric-data-generation-api-v1 13.1.4+b1792f7da0
	- fabric-dimensions-v1 2.1.57+b1792f7da0
	- fabric-entity-events-v1 1.5.26+b1792f7da0
	- fabric-events-interaction-v0 0.6.10+b1792f7da0
	- fabric-events-lifecycle-v0 0.2.69+df3654b3a0
	- fabric-game-rule-api-v1 1.0.41+b1792f7da0
	- fabric-gametest-api-v1 1.2.16+b1792f7da0
	- fabric-item-api-v1 2.1.33+b1792f7da0
	- fabric-item-group-api-v1 4.0.15+e3d2bf3fa0
	- fabric-key-binding-api-v1 1.0.38+f4b7e424a0
	- fabric-keybindings-v0 0.2.36+df3654b3a0
	- fabric-lifecycle-events-v1 2.2.27+b1792f7da0
	- fabric-loot-api-v2 2.1.1+3ba460fba0
	- fabric-message-api-v1 6.0.2+e3d2bf3fa0
	- fabric-mining-level-api-v1 2.1.55+f4b7e424a0
	- fabric-model-loading-api-v1 1.0.6+b1792f7da0
	- fabric-models-v0 0.4.5+9386d8a7a0
	- fabric-networking-api-v1 3.0.10+b1792f7da0
	- fabric-object-builder-api-v1 12.1.2+2ff98d3ba0
	- fabric-particles-v1 1.1.4+f4b7e424a0
	- fabric-recipe-api-v1 2.0.7+b1792f7da0
	- fabric-registry-sync-v0 4.0.5+b1792f7da0
	- fabric-renderer-api-v1 3.2.1+2034447ca0
	- fabric-renderer-indigo 1.5.1+2034447ca0
	- fabric-renderer-registries-v1 3.2.49+df3654b3a0
	- fabric-rendering-data-attachment-v1 0.3.39+73761d2ea0
	- fabric-rendering-fluids-v1 3.0.30+f4b7e424a0
	- fabric-rendering-v0 1.1.52+df3654b3a0
	- fabric-rendering-v1 3.0.11+b1792f7da0
	- fabric-resource-conditions-api-v1 2.3.10+e3d2bf3fa0
	- fabric-resource-loader-v0 0.11.12+b1792f7da0
	- fabric-screen-api-v1 2.0.12+b1792f7da0
	- fabric-screen-handler-api-v1 1.3.40+b1792f7da0
	- fabric-sound-api-v1 1.0.14+f4b7e424a0
	- fabric-transfer-api-v1 3.3.9+b1792f7da0
	- fabric-transitive-access-wideners-v1 5.0.3+fce67b32a0
	- fabricloader 0.14.24
	- java 17
	- minecraft 1.20.2
	- modmenu 8.0.0
	- mysticdeep 1.0.0
[23:32:13] [main/INFO] (FabricLoader/Mixin) SpongePowered MIXIN Subsystem Version=0.8.5 Source=file:/C:/Users/yanis/.gradle/caches/modules-2/files-2.1/net.fabricmc/sponge-mixin/0.12.5+mixin.0.8.5/8d31fb97c3e0cd7c8dad3441851c523bcfae6d8e/sponge-mixin-0.12.5+mixin.0.8.5.jar Service=Knot/Fabric Env=CLIENT
[23:32:14] [main/INFO] (FabricLoader/Mixin) Loaded Fabric development mappings for mixin remapper!
[23:32:14] [main/INFO] (FabricLoader/Mixin) Compatibility level set to JAVA_16
[23:32:14] [main/INFO] (FabricLoader/Mixin) Compatibility level set to JAVA_17
[23:32:18] [main/WARN] (PerfDataUtil) Failed to add PDH Counter: \Paging File(_Total)\% Usage, Error code: 0xC0000BC8
[23:32:18] [main/WARN] (PerfCounterQueryHandler) Failed to add counter for PDH counter: \Paging File(_Total)\% Usage
[23:32:18] [main/WARN] (PerfCounterQuery) Disabling further attempts to query Paging File.
[23:32:18] [main/WARN] (WmiQueryHandler) COM exception: Invalid Query: SELECT PERCENTUSAGE FROM Win32_PerfRawData_PerfOS_PagingFile
[23:32:24] [Datafixer Bootstrap/INFO] (Minecraft) 192 Datafixer optimizations took 207 milliseconds
[23:32:28] [Render thread/INFO] (Minecraft) Environment: Environment[accountsHost=https://api.mojang.com, sessionHost=https://sessionserver.mojang.com, servicesHost=https://api.minecraftservices.com, name=PROD]
[23:32:28] [Render thread/ERROR] (Minecraft) Failed to verify authentication
com.mojang.authlib.exceptions.InvalidCredentialsException: Status: 401
	at com.mojang.authlib.exceptions.MinecraftClientHttpException.toAuthenticationException(MinecraftClientHttpException.java:59) ~[authlib-5.0.47.jar:?]
	at com.mojang.authlib.yggdrasil.YggdrasilUserApiService.fetchProperties(YggdrasilUserApiService.java:159) ~[authlib-5.0.47.jar:?]
	at com.mojang.authlib.yggdrasil.YggdrasilUserApiService.<init>(YggdrasilUserApiService.java:53) ~[authlib-5.0.47.jar:?]
	at com.mojang.authlib.yggdrasil.YggdrasilAuthenticationService.createUserApiService(YggdrasilAuthenticationService.java:55) ~[authlib-5.0.47.jar:?]
	at net.minecraft.client.MinecraftClient.createUserApiService(MinecraftClient.java:787) ~[minecraft-clientOnly-1f338b2c9f-1.20.2-net.fabricmc.yarn.1_20_2.1.20.2+build.4-v2.jar:?]
	at net.minecraft.client.MinecraftClient.<init>(MinecraftClient.java:451) ~[minecraft-clientOnly-1f338b2c9f-1.20.2-net.fabricmc.yarn.1_20_2.1.20.2+build.4-v2.jar:?]
	at net.minecraft.client.main.Main.main(Main.java:214) ~[minecraft-clientOnly-1f338b2c9f-1.20.2-net.fabricmc.yarn.1_20_2.1.20.2+build.4-v2.jar:?]
	at net.fabricmc.loader.impl.game.minecraft.MinecraftGameProvider.launch(MinecraftGameProvider.java:470) ~[fabric-loader-0.14.24.jar:?]
	at net.fabricmc.loader.impl.launch.knot.Knot.launch(Knot.java:74) ~[fabric-loader-0.14.24.jar:?]
	at net.fabricmc.loader.impl.launch.knot.KnotClient.main(KnotClient.java:23) ~[fabric-loader-0.14.24.jar:?]
	at net.fabricmc.devlaunchinjector.Main.main(Main.java:86) ~[dev-launch-injector-0.2.1+build.8.jar:?]
Caused by: com.mojang.authlib.exceptions.MinecraftClientHttpException: Status: 401
	at com.mojang.authlib.minecraft.client.MinecraftClient.readInputStream(MinecraftClient.java:100) ~[authlib-5.0.47.jar:?]
	at com.mojang.authlib.minecraft.client.MinecraftClient.get(MinecraftClient.java:57) ~[authlib-5.0.47.jar:?]
	at com.mojang.authlib.yggdrasil.YggdrasilUserApiService.fetchProperties(YggdrasilUserApiService.java:130) ~[authlib-5.0.47.jar:?]
	... 9 more
[23:32:28] [Render thread/INFO] (Minecraft) Setting user: Player906
[23:32:29] [Render thread/INFO] (mysticdeep) Registering ModBlocks for mysticdeep
[23:32:29] [Render thread/INFO] (mysticdeep) Registering ModItems for mysticdeep
[23:32:29] [Render thread/INFO] (mysticdeep) Registering ModItems for mysticdeep
[23:32:29] [Render thread/INFO] (mysticdeep) Registering Sounds for mysticdeep
[23:32:29] [Worker-Main-2/INFO] (Mod Menu/Update Checker) Checking mod updates...
[23:32:29] [Render thread/INFO] (Indigo) [Indigo] Registering Indigo renderer!
[23:32:30] [Render thread/INFO] (Minecraft) Backend library: LWJGL version 3.3.2-snapshot
[23:32:32] [Render thread/INFO] (Minecraft) Reloading ResourceManager: vanilla, fabric (fabric-transitive-access-wideners-v1, fabric-data-generation-api-v1, fabric-api-base, fabric-rendering-v0, fabric-dimensions-v1, fabric-block-view-api-v2, fabric-block-api-v1, fabric-object-builder-api-v1, fabric-content-registries-v0, fabric-api, fabric-item-api-v1, fabric-biome-api-v1, fabric-model-loading-api-v1, fabric-message-api-v1, fabric-keybindings-v0, fabric-mining-level-api-v1, fabric-events-interaction-v0, modmenu, fabric-game-rule-api-v1, fabric-resource-conditions-api-v1, fabric-command-api-v2, fabric-screen-handler-api-v1, fabric-renderer-api-v1, fabric-blockrenderlayer-v1, fabricloader, fabric-renderer-indigo, fabric-api-lookup-api-v1, fabric-sound-api-v1, fabric-lifecycle-events-v1, fabric-screen-api-v1, fabric-crash-report-info-v1, fabric-models-v0, fabric-item-group-api-v1, fabric-key-binding-api-v1, fabric-rendering-fluids-v1, fabric-commands-v0, fabric-registry-sync-v0, fabric-loot-api-v2, fabric-particles-v1, fabric-convention-tags-v1, fabric-rendering-v1, fabric-command-api-v1, fabric-events-lifecycle-v0, mysticdeep, fabric-transfer-api-v1, fabric-networking-api-v1, fabric-renderer-registries-v1, fabric-gametest-api-v1, fabric-client-tags-api-v1, fabric-resource-loader-v0, fabric-rendering-data-attachment-v1, fabric-containers-v0, fabric-recipe-api-v1, fabric-entity-events-v1)
[23:32:32] [Worker-Main-5/INFO] (Minecraft) Found unifont_all_no_pua-15.0.06.hex, loading
[23:32:34] [Worker-Main-6/WARN] (Minecraft) Exception loading blockstate definition: 'mysticdeep:blockstates/abysite_block.json' missing model for variant: 'mysticdeep:abysite_block#'
[23:32:34] [Worker-Main-6/WARN] (Minecraft) Unable to load model: 'mysticdeep:abysite_block#inventory' referenced from: mysticdeep:abysite_block#inventory: java.io.FileNotFoundException: mysticdeep:models/item/abysite_block.json
[23:32:35] [Worker-Main-6/WARN] (Minecraft) Missing textures in model mysticdeep:likes_flames_music_disc#inventory:
    minecraft:textures/atlas/blocks.png:mysticdeep:item/likes_flames_music_disc
[23:32:35] [Render thread/WARN] (Minecraft) Missing sound for event: minecraft:item.goat_horn.play
[23:32:35] [Render thread/WARN] (Minecraft) Missing sound for event: minecraft:entity.goat.screaming.horn_break
[23:32:35] [Render thread/INFO] (Minecraft) OpenAL initialized on device OpenAL Soft on Haut-parleurs (Realtek(R) Audio)
[23:32:35] [Render thread/INFO] (Minecraft) Sound engine started
[23:32:35] [Render thread/INFO] (Minecraft) Created: 1024x512x4 minecraft:textures/atlas/blocks.png-atlas
[23:32:35] [Render thread/INFO] (Minecraft) Created: 256x256x4 minecraft:textures/atlas/signs.png-atlas
[23:32:35] [Render thread/INFO] (Minecraft) Created: 512x512x4 minecraft:textures/atlas/banner_patterns.png-atlas
[23:32:35] [Render thread/INFO] (Minecraft) Created: 512x512x4 minecraft:textures/atlas/shield_patterns.png-atlas
[23:32:35] [Render thread/INFO] (Minecraft) Created: 1024x1024x4 minecraft:textures/atlas/armor_trims.png-atlas
[23:32:35] [Render thread/INFO] (Minecraft) Created: 256x256x4 minecraft:textures/atlas/chest.png-atlas
[23:32:35] [Render thread/INFO] (Minecraft) Created: 128x64x4 minecraft:textures/atlas/decorated_pot.png-atlas
[23:32:35] [Render thread/INFO] (Minecraft) Created: 512x256x4 minecraft:textures/atlas/beds.png-atlas
[23:32:35] [Render thread/INFO] (Minecraft) Created: 512x256x4 minecraft:textures/atlas/shulker_boxes.png-atlas
[23:32:36] [Render thread/WARN] (Minecraft) Shader rendertype_entity_translucent_emissive could not find sampler named Sampler2 in the specified shader program.
[23:32:36] [Render thread/INFO] (Minecraft) Created: 256x256x0 minecraft:textures/atlas/particles.png-atlas
[23:32:36] [Render thread/INFO] (Minecraft) Created: 256x256x0 minecraft:textures/atlas/paintings.png-atlas
[23:32:36] [Render thread/INFO] (Minecraft) Created: 128x128x0 minecraft:textures/atlas/mob_effects.png-atlas
[23:32:36] [Render thread/INFO] (Minecraft) Created: 1024x512x0 minecraft:textures/atlas/gui.png-atlas
[23:32:36] [IO-Worker-1/INFO] (Minecraft) Could not authorize you against Realms server: Invalid session id
[23:32:36] [IO-Worker-1/ERROR] (Minecraft) Couldn't connect to realms
net.minecraft.client.realms.exception.RealmsServiceException: Realms authentication error with message 'Invalid session id'
	at net.minecraft.client.realms.RealmsClient.execute(RealmsClient.java:432) ~[minecraft-clientOnly-1f338b2c9f-1.20.2-net.fabricmc.yarn.1_20_2.1.20.2+build.4-v2.jar:?]
	at net.minecraft.client.realms.RealmsClient.clientCompatible(RealmsClient.java:218) ~[minecraft-clientOnly-1f338b2c9f-1.20.2-net.fabricmc.yarn.1_20_2.1.20.2+build.4-v2.jar:?]
	at net.minecraft.client.realms.RealmsAvailability.method_52627(RealmsAvailability.java:45) ~[minecraft-clientOnly-1f338b2c9f-1.20.2-net.fabricmc.yarn.1_20_2.1.20.2+build.4-v2.jar:?]
	at java.util.concurrent.CompletableFuture$AsyncSupply.run(CompletableFuture.java:1768) ~[?:?]
	at java.util.concurrent.ThreadPoolExecutor.runWorker(ThreadPoolExecutor.java:1136) ~[?:?]
	at java.util.concurrent.ThreadPoolExecutor$Worker.run(ThreadPoolExecutor.java:635) ~[?:?]
	at java.lang.Thread.run(Thread.java:833) ~[?:?]
[23:32:41] [Render thread/INFO] (Minecraft) Loaded 7 recipes
[23:32:42] [Render thread/INFO] (Minecraft) Loaded 1271 advancements
[23:32:42] [Render thread/INFO] (BiomeModificationImpl) Applied 0 biome modifications to 0 of 64 new biomes in 3.021 ms
[23:32:42] [Server thread/INFO] (Minecraft) Starting integrated minecraft server version 1.20.2
[23:32:42] [Server thread/INFO] (Minecraft) Generating keypair
[23:32:43] [Server thread/INFO] (Minecraft) Preparing start region for dimension minecraft:overworld
[23:32:45] [Render thread/INFO] (Minecraft) Préparation de la zone d'apparition : 0 %
[23:32:45] [Render thread/INFO] (Minecraft) Préparation de la zone d'apparition : 0 %
[23:32:45] [Render thread/INFO] (Minecraft) Préparation de la zone d'apparition : 0 %
[23:32:45] [Render thread/INFO] (Minecraft) Préparation de la zone d'apparition : 0 %
[23:32:45] [Render thread/INFO] (Minecraft) Préparation de la zone d'apparition : 0 %
[23:32:45] [Render thread/INFO] (Minecraft) Préparation de la zone d'apparition : 10 %
[23:32:46] [Render thread/INFO] (Minecraft) Préparation de la zone d'apparition : 91 %
[23:32:46] [Render thread/INFO] (Minecraft) Time elapsed: 3065 ms
[23:32:46] [Server thread/INFO] (Minecraft) Changing view distance to 12, from 10
[23:32:46] [Server thread/INFO] (Minecraft) Changing simulation distance to 12, from 0
[23:32:47] [Netty Local Client IO #0/INFO] (ClientPlayNetworkAddon for Player906) Negotiated common packet version 1
[23:32:47] [Netty Server IO #1/INFO] (ServerConfigurationNetworkAddon for Player906) Negotiated common packet version 1
[23:32:47] [Server thread/INFO] (Minecraft) Player906[local:E:627e404f] logged in with entity id 3 at (14.045835520544863, -59.0, -1.1533412213480707)
[23:32:47] [Server thread/INFO] (Minecraft) Player906 a rejoint la partie
[23:32:47] [Server thread/INFO] (Minecraft) Player906 a réalisé le progrès [Qualité supérieure]
[23:32:47] [Server thread/INFO] (Minecraft) Player906 a réalisé le progrès [Bonne pioche !]
[23:32:48] [Render thread/INFO] (Minecraft) [System] [CHAT] Player906 a réalisé le progrès [Qualité supérieure]
[23:32:48] [Render thread/INFO] (Minecraft) [System] [CHAT] Player906 a réalisé le progrès [Bonne pioche !]
[23:32:48] [Render thread/INFO] (Minecraft) Loaded 18 advancements
